{"@timestamp":"2020-11-02T08:51:48.349+01:00","@version":"1","severity":"INFO","service":"Car-Application","pid":"16944","thread":"main","class":"com.example.cars.CarsApplication","message":"Starting CarsApplication on LAPTOP-TDNFADTJ with PID 16944 (C:\\Users\\petsu\\Desktop\\Java web-services\\cars_assignment\\target\\classes started by petsu in C:\\Users\\petsu\\Desktop\\Java web-services\\cars_assignment) "}
{"@timestamp":"2020-11-02T08:51:48.357+01:00","@version":"1","severity":"INFO","service":"Car-Application","pid":"16944","thread":"main","class":"com.example.cars.CarsApplication","message":"No active profile set, falling back to default profiles: default "}
{"@timestamp":"2020-11-02T08:51:51.260+01:00","@version":"1","severity":"INFO","service":"Car-Application","pid":"16944","thread":"main","class":"com.example.cars.CarsApplication","message":"Started CarsApplication in 3.374 seconds (JVM running for 4.748) "}
{"@timestamp":"2020-11-02T08:54:32.983+01:00","@version":"1","severity":"INFO","service":"Car-Application","pid":"14528","thread":"main","class":"com.example.cars.CarsApplication","message":"Starting CarsApplication on LAPTOP-TDNFADTJ with PID 14528 (C:\\Users\\petsu\\Desktop\\Java web-services\\cars_assignment\\target\\classes started by petsu in C:\\Users\\petsu\\Desktop\\Java web-services\\cars_assignment) "}
{"@timestamp":"2020-11-02T08:54:32.992+01:00","@version":"1","severity":"INFO","service":"Car-Application","pid":"14528","thread":"main","class":"com.example.cars.CarsApplication","message":"No active profile set, falling back to default profiles: default "}
{"@timestamp":"2020-11-02T08:54:35.350+01:00","@version":"1","severity":"INFO","service":"Car-Application","pid":"14528","thread":"main","class":"com.example.cars.CarsApplication","message":"Started CarsApplication in 2.78 seconds (JVM running for 5.66) "}
{"@timestamp":"2020-11-02T09:02:44.135+01:00","@version":"1","severity":"INFO","service":"Car-Application","pid":"14528","thread":"http-nio-8080-exec-2","class":"com.example.cars.services.GearBoxService","message":"Request to find all gearboxes "}
{"@timestamp":"2020-11-02T09:03:06.307+01:00","@version":"1","severity":"INFO","service":"Car-Application","pid":"14528","thread":"http-nio-8080-exec-3","class":"com.example.cars.services.GearBoxService","message":"Request to find all gearboxes "}
{"@timestamp":"2020-11-02T09:03:20.808+01:00","@version":"1","severity":"INFO","service":"Car-Application","pid":"14528","thread":"http-nio-8080-exec-4","class":"com.example.cars.services.GearBoxService","message":"Request to find all gearboxes "}
{"@timestamp":"2020-11-02T09:04:20.572+01:00","@version":"1","severity":"INFO","service":"Car-Application","pid":"14528","thread":"http-nio-8080-exec-6","class":"com.example.cars.services.GearBoxService","message":"Request to find all gearboxes "}
{"@timestamp":"2020-11-02T09:04:46.329+01:00","@version":"1","severity":"INFO","service":"Car-Application","pid":"14528","thread":"http-nio-8080-exec-7","class":"com.example.cars.services.GearBoxService","message":"Request to find all gearboxes "}
{"@timestamp":"2020-11-02T09:05:21.588+01:00","@version":"1","severity":"INFO","service":"Car-Application","pid":"14528","thread":"http-nio-8080-exec-9","class":"com.example.cars.services.GearBoxService","message":"Request to find all gearboxes "}
{"@timestamp":"2020-11-02T09:06:29.069+01:00","@version":"1","severity":"INFO","service":"Car-Application","pid":"14528","thread":"http-nio-8080-exec-2","class":"com.example.cars.services.GearBoxService","message":"Request to find all gearboxes "}
{"@timestamp":"2020-11-02T09:06:46.735+01:00","@version":"1","severity":"INFO","service":"Car-Application","pid":"14528","thread":"http-nio-8080-exec-3","class":"com.example.cars.services.GearBoxService","message":"Request to find all gearboxes "}
{"@timestamp":"2020-11-02T09:07:15.894+01:00","@version":"1","severity":"INFO","service":"Car-Application","pid":"14528","thread":"http-nio-8080-exec-4","class":"com.example.cars.services.GearBoxService","message":"Request to find all gearboxes "}
{"@timestamp":"2020-11-02T09:07:44.270+01:00","@version":"1","severity":"INFO","service":"Car-Application","pid":"14528","thread":"http-nio-8080-exec-5","class":"com.example.cars.services.GearBoxService","message":"Request to find all gearboxes "}
{"@timestamp":"2020-11-02T09:07:59.876+01:00","@version":"1","severity":"INFO","service":"Car-Application","pid":"14528","thread":"http-nio-8080-exec-6","class":"com.example.cars.services.GearBoxService","message":"Request to find all gearboxes "}
{"@timestamp":"2020-11-02T09:08:56.583+01:00","@version":"1","severity":"INFO","service":"Car-Application","pid":"14528","thread":"http-nio-8080-exec-8","class":"com.example.cars.services.GearBoxService","message":"Request to find all gearboxes "}
{"@timestamp":"2020-11-02T09:09:06.270+01:00","@version":"1","severity":"INFO","service":"Car-Application","pid":"14528","thread":"http-nio-8080-exec-9","class":"com.example.cars.services.GearBoxService","message":"Request to find all gearboxes "}
{"@timestamp":"2020-11-02T09:09:33.310+01:00","@version":"1","severity":"INFO","service":"Car-Application","pid":"14528","thread":"http-nio-8080-exec-10","class":"com.example.cars.services.GearBoxService","message":"Request to find all gearboxes "}
{"@timestamp":"2020-11-02T10:07:23.273+01:00","@version":"1","severity":"INFO","service":"Car-Application","pid":"19268","thread":"main","class":"com.example.cars.CarsApplication","message":"Starting CarsApplication on LAPTOP-TDNFADTJ with PID 19268 (C:\\Users\\petsu\\Desktop\\Java web-services\\cars_assignment\\target\\classes started by petsu in C:\\Users\\petsu\\Desktop\\Java web-services\\cars_assignment) "}
{"@timestamp":"2020-11-02T10:07:23.279+01:00","@version":"1","severity":"INFO","service":"Car-Application","pid":"19268","thread":"main","class":"com.example.cars.CarsApplication","message":"No active profile set, falling back to default profiles: default "}
{"@timestamp":"2020-11-02T10:07:25.778+01:00","@version":"1","severity":"INFO","service":"Car-Application","pid":"19268","thread":"main","class":"com.example.cars.CarsApplication","message":"Started CarsApplication in 3.235 seconds (JVM running for 4.693) "}
{"@timestamp":"2020-11-02T11:39:39.667+01:00","@version":"1","severity":"INFO","service":"Car-Application","pid":"11656","thread":"main","class":"com.example.cars.CarsApplication","message":"Starting CarsApplication on LAPTOP-RV8F30A8 with PID 11656 (C:\\Users\\Johan\\IdeaProjects\\cars assignment\\target\\classes started by Johan in C:\\Users\\Johan\\IdeaProjects\\cars assignment) "}
{"@timestamp":"2020-11-02T11:39:39.679+01:00","@version":"1","severity":"INFO","service":"Car-Application","pid":"11656","thread":"main","class":"com.example.cars.CarsApplication","message":"No active profile set, falling back to default profiles: default "}
{"@timestamp":"2020-11-02T11:39:43.132+01:00","@version":"1","severity":"INFO","service":"Car-Application","pid":"11656","thread":"main","class":"com.example.cars.CarsApplication","message":"Started CarsApplication in 4.21 seconds (JVM running for 6.714) "}
{"@timestamp":"2020-11-02T11:48:22.094+01:00","@version":"1","severity":"INFO","service":"Car-Application","pid":"14932","thread":"main","class":"com.example.cars.CarsApplication","message":"Starting CarsApplication on LAPTOP-RV8F30A8 with PID 14932 (C:\\Users\\Johan\\IdeaProjects\\cars assignment\\target\\classes started by Johan in C:\\Users\\Johan\\IdeaProjects\\cars assignment) "}
{"@timestamp":"2020-11-02T11:48:22.110+01:00","@version":"1","severity":"INFO","service":"Car-Application","pid":"14932","thread":"main","class":"com.example.cars.CarsApplication","message":"No active profile set, falling back to default profiles: default "}
{"@timestamp":"2020-11-02T11:48:26.802+01:00","@version":"1","severity":"INFO","service":"Car-Application","pid":"14932","thread":"main","class":"com.example.cars.CarsApplication","message":"Started CarsApplication in 5.528 seconds (JVM running for 8.576) "}
{"@timestamp":"2020-11-02T11:49:21.830+01:00","@version":"1","severity":"INFO","service":"Car-Application","pid":"17268","thread":"main","class":"com.example.cars.CarsApplication","message":"Starting CarsApplication on LAPTOP-RV8F30A8 with PID 17268 (C:\\Users\\Johan\\IdeaProjects\\cars assignment\\target\\classes started by Johan in C:\\Users\\Johan\\IdeaProjects\\cars assignment) "}
{"@timestamp":"2020-11-02T11:49:21.863+01:00","@version":"1","severity":"INFO","service":"Car-Application","pid":"17268","thread":"main","class":"com.example.cars.CarsApplication","message":"No active profile set, falling back to default profiles: default "}
{"@timestamp":"2020-11-02T11:49:27.112+01:00","@version":"1","severity":"INFO","service":"Car-Application","pid":"17268","thread":"main","class":"com.example.cars.CarsApplication","message":"Started CarsApplication in 6.392 seconds (JVM running for 8.759) "}
{"@timestamp":"2020-11-02T11:50:38.922+01:00","@version":"1","severity":"INFO","service":"Car-Application","pid":"31056","thread":"main","class":"com.example.cars.CarsApplication","message":"Starting CarsApplication on LAPTOP-RV8F30A8 with PID 31056 (C:\\Users\\Johan\\IdeaProjects\\cars assignment\\target\\classes started by Johan in C:\\Users\\Johan\\IdeaProjects\\cars assignment) "}
{"@timestamp":"2020-11-02T11:50:38.947+01:00","@version":"1","severity":"INFO","service":"Car-Application","pid":"31056","thread":"main","class":"com.example.cars.CarsApplication","message":"No active profile set, falling back to default profiles: default "}
{"@timestamp":"2020-11-02T11:50:45.362+01:00","@version":"1","severity":"INFO","service":"Car-Application","pid":"31056","thread":"main","class":"com.example.cars.CarsApplication","message":"Started CarsApplication in 7.674 seconds (JVM running for 11.255) "}
{"@timestamp":"2020-11-02T11:50:45.799+01:00","@version":"1","severity":"INFO","service":"Car-Application","pid":"31056","thread":"http-nio-8080-exec-1","class":"com.example.cars.services.AppUserService","message":"Request to find all users "}
{"@timestamp":"2020-11-02T11:51:02.217+01:00","@version":"1","severity":"INFO","service":"Car-Application","pid":"16992","thread":"main","class":"com.example.cars.CarsApplication","message":"Starting CarsApplication on LAPTOP-RV8F30A8 with PID 16992 (C:\\Users\\Johan\\IdeaProjects\\cars assignment\\target\\classes started by Johan in C:\\Users\\Johan\\IdeaProjects\\cars assignment) "}
{"@timestamp":"2020-11-02T11:51:02.258+01:00","@version":"1","severity":"INFO","service":"Car-Application","pid":"16992","thread":"main","class":"com.example.cars.CarsApplication","message":"No active profile set, falling back to default profiles: default "}
{"@timestamp":"2020-11-02T11:51:08.921+01:00","@version":"1","severity":"INFO","service":"Car-Application","pid":"16992","thread":"main","class":"com.example.cars.CarsApplication","message":"Started CarsApplication in 7.789 seconds (JVM running for 10.602) "}
{"@timestamp":"2020-11-02T11:51:10.886+01:00","@version":"1","severity":"INFO","service":"Car-Application","pid":"16992","thread":"http-nio-8080-exec-2","class":"com.example.cars.services.AppUserService","message":"Request to find all users "}
{"@timestamp":"2020-11-02T11:51:12.798+01:00","@version":"1","severity":"INFO","service":"Car-Application","pid":"16992","thread":"http-nio-8080-exec-3","class":"com.example.cars.services.AppUserService","message":"Request to find all users "}
{"@timestamp":"2020-11-02T11:52:06.489+01:00","@version":"1","severity":"INFO","service":"Car-Application","pid":"20220","thread":"main","class":"com.example.cars.CarsApplication","message":"Starting CarsApplication on LAPTOP-RV8F30A8 with PID 20220 (C:\\Users\\Johan\\IdeaProjects\\cars assignment\\target\\classes started by Johan in C:\\Users\\Johan\\IdeaProjects\\cars assignment) "}
{"@timestamp":"2020-11-02T11:52:06.503+01:00","@version":"1","severity":"INFO","service":"Car-Application","pid":"20220","thread":"main","class":"com.example.cars.CarsApplication","message":"No active profile set, falling back to default profiles: default "}
{"@timestamp":"2020-11-02T11:52:12.743+01:00","@version":"1","severity":"INFO","service":"Car-Application","pid":"20220","thread":"main","class":"com.example.cars.CarsApplication","message":"Started CarsApplication in 6.99 seconds (JVM running for 9.647) "}
{"@timestamp":"2020-11-02T11:52:53.029+01:00","@version":"1","severity":"INFO","service":"Car-Application","pid":"31748","thread":"main","class":"com.example.cars.CarsApplication","message":"Starting CarsApplication on LAPTOP-RV8F30A8 with PID 31748 (C:\\Users\\Johan\\IdeaProjects\\cars assignment\\target\\classes started by Johan in C:\\Users\\Johan\\IdeaProjects\\cars assignment) "}
{"@timestamp":"2020-11-02T11:52:53.052+01:00","@version":"1","severity":"INFO","service":"Car-Application","pid":"31748","thread":"main","class":"com.example.cars.CarsApplication","message":"No active profile set, falling back to default profiles: default "}
{"@timestamp":"2020-11-02T11:53:00.063+01:00","@version":"1","severity":"INFO","service":"Car-Application","pid":"31748","thread":"main","class":"com.example.cars.CarsApplication","message":"Started CarsApplication in 7.842 seconds (JVM running for 10.614) "}
{"@timestamp":"2020-11-02T11:53:27.500+01:00","@version":"1","severity":"INFO","service":"Car-Application","pid":"22260","thread":"main","class":"com.example.cars.CarsApplication","message":"Starting CarsApplication on LAPTOP-RV8F30A8 with PID 22260 (C:\\Users\\Johan\\IdeaProjects\\cars assignment\\target\\classes started by Johan in C:\\Users\\Johan\\IdeaProjects\\cars assignment) "}
{"@timestamp":"2020-11-02T11:53:27.513+01:00","@version":"1","severity":"INFO","service":"Car-Application","pid":"22260","thread":"main","class":"com.example.cars.CarsApplication","message":"No active profile set, falling back to default profiles: default "}
{"@timestamp":"2020-11-02T11:53:34.133+01:00","@version":"1","severity":"INFO","service":"Car-Application","pid":"22260","thread":"main","class":"com.example.cars.CarsApplication","message":"Started CarsApplication in 7.463 seconds (JVM running for 10.367) "}
{"@timestamp":"2020-11-02T11:54:06.235+01:00","@version":"1","severity":"INFO","service":"Car-Application","pid":"9804","thread":"main","class":"com.example.cars.CarsApplication","message":"Starting CarsApplication on LAPTOP-RV8F30A8 with PID 9804 (C:\\Users\\Johan\\IdeaProjects\\cars assignment\\target\\classes started by Johan in C:\\Users\\Johan\\IdeaProjects\\cars assignment) "}
{"@timestamp":"2020-11-02T11:54:06.252+01:00","@version":"1","severity":"INFO","service":"Car-Application","pid":"9804","thread":"main","class":"com.example.cars.CarsApplication","message":"No active profile set, falling back to default profiles: default "}
{"@timestamp":"2020-11-02T11:54:12.565+01:00","@version":"1","severity":"INFO","service":"Car-Application","pid":"9804","thread":"main","class":"com.example.cars.CarsApplication","message":"Started CarsApplication in 7.3 seconds (JVM running for 10.29) "}
{"@timestamp":"2020-11-02T11:54:39.043+01:00","@version":"1","severity":"INFO","service":"Car-Application","pid":"14892","thread":"main","class":"com.example.cars.CarsApplication","message":"Starting CarsApplication on LAPTOP-RV8F30A8 with PID 14892 (C:\\Users\\Johan\\IdeaProjects\\cars assignment\\target\\classes started by Johan in C:\\Users\\Johan\\IdeaProjects\\cars assignment) "}
{"@timestamp":"2020-11-02T11:54:39.059+01:00","@version":"1","severity":"INFO","service":"Car-Application","pid":"14892","thread":"main","class":"com.example.cars.CarsApplication","message":"No active profile set, falling back to default profiles: default "}
{"@timestamp":"2020-11-02T11:54:44.501+01:00","@version":"1","severity":"INFO","service":"Car-Application","pid":"14892","thread":"main","class":"com.example.cars.CarsApplication","message":"Started CarsApplication in 6.312 seconds (JVM running for 9.09) "}
{"@timestamp":"2020-11-02T11:56:16.270+01:00","@version":"1","severity":"INFO","service":"Car-Application","pid":"32428","thread":"main","class":"com.example.cars.CarsApplication","message":"Starting CarsApplication on LAPTOP-RV8F30A8 with PID 32428 (C:\\Users\\Johan\\IdeaProjects\\cars assignment\\target\\classes started by Johan in C:\\Users\\Johan\\IdeaProjects\\cars assignment) "}
{"@timestamp":"2020-11-02T11:56:16.290+01:00","@version":"1","severity":"INFO","service":"Car-Application","pid":"32428","thread":"main","class":"com.example.cars.CarsApplication","message":"No active profile set, falling back to default profiles: default "}
{"@timestamp":"2020-11-02T11:56:21.940+01:00","@version":"1","severity":"INFO","service":"Car-Application","pid":"32428","thread":"main","class":"com.example.cars.CarsApplication","message":"Started CarsApplication in 6.519 seconds (JVM running for 9.6) "}
{"@timestamp":"2020-11-02T11:59:08.750+01:00","@version":"1","severity":"INFO","service":"Car-Application","pid":"27180","thread":"main","class":"com.example.cars.CarsApplication","message":"Starting CarsApplication on LAPTOP-RV8F30A8 with PID 27180 (C:\\Users\\Johan\\IdeaProjects\\cars assignment\\target\\classes started by Johan in C:\\Users\\Johan\\IdeaProjects\\cars assignment) "}
{"@timestamp":"2020-11-02T11:59:08.764+01:00","@version":"1","severity":"INFO","service":"Car-Application","pid":"27180","thread":"main","class":"com.example.cars.CarsApplication","message":"No active profile set, falling back to default profiles: default "}
{"@timestamp":"2020-11-02T11:59:15.272+01:00","@version":"1","severity":"INFO","service":"Car-Application","pid":"27180","thread":"main","class":"com.example.cars.CarsApplication","message":"Started CarsApplication in 7.661 seconds (JVM running for 10.331) "}
{"@timestamp":"2020-11-02T11:59:57.411+01:00","@version":"1","severity":"INFO","service":"Car-Application","pid":"27180","thread":"http-nio-8080-exec-5","class":"com.example.cars.services.AppUserService","message":"Request to find all users "}
{"@timestamp":"2020-11-02T12:00:27.044+01:00","@version":"1","severity":"INFO","service":"Car-Application","pid":"21364","thread":"main","class":"com.example.cars.CarsApplication","message":"Starting CarsApplication on LAPTOP-RV8F30A8 with PID 21364 (C:\\Users\\Johan\\IdeaProjects\\cars assignment\\target\\classes started by Johan in C:\\Users\\Johan\\IdeaProjects\\cars assignment) "}
{"@timestamp":"2020-11-02T12:00:27.062+01:00","@version":"1","severity":"INFO","service":"Car-Application","pid":"21364","thread":"main","class":"com.example.cars.CarsApplication","message":"No active profile set, falling back to default profiles: default "}
{"@timestamp":"2020-11-02T12:00:33.807+01:00","@version":"1","severity":"INFO","service":"Car-Application","pid":"21364","thread":"main","class":"com.example.cars.CarsApplication","message":"Started CarsApplication in 8.336 seconds (JVM running for 12.47) "}
{"@timestamp":"2020-11-02T12:00:39.355+01:00","@version":"1","severity":"INFO","service":"Car-Application","pid":"21364","thread":"http-nio-8080-exec-2","class":"com.example.cars.services.AppUserService","message":"Request to find all users "}
{"@timestamp":"2020-11-02T13:24:23.020+01:00","@version":"1","severity":"INFO","service":"Car-Application","pid":"14020","thread":"main","class":"com.example.cars.CarsApplication","message":"Starting CarsApplication on LAPTOP-TDNFADTJ with PID 14020 (C:\\Users\\petsu\\Desktop\\Java web-services\\cars_assignment\\target\\classes started by petsu in C:\\Users\\petsu\\Desktop\\Java web-services\\cars_assignment) "}
{"@timestamp":"2020-11-02T13:24:23.029+01:00","@version":"1","severity":"INFO","service":"Car-Application","pid":"14020","thread":"main","class":"com.example.cars.CarsApplication","message":"No active profile set, falling back to default profiles: default "}
{"@timestamp":"2020-11-02T13:24:26.042+01:00","@version":"1","severity":"INFO","service":"Car-Application","pid":"14020","thread":"main","class":"com.example.cars.CarsApplication","message":"Started CarsApplication in 3.561 seconds (JVM running for 5.001) "}
