{"@timestamp":"2020-10-31T22:08:33.528+01:00","@version":"1","severity":"INFO","service":"Car-Application","pid":"28442","thread":"main","class":"com.example.cars.CarsApplication","message":"Starting CarsApplication on Chengs-MacBook-Air.local with PID 28442 (/Users/chengtao/Documents/WebServices/cars_assignment/target/classes started by chengtao in /Users/chengtao/Documents/WebServices/cars_assignment) "}
{"@timestamp":"2020-10-31T22:08:33.583+01:00","@version":"1","severity":"INFO","service":"Car-Application","pid":"28442","thread":"main","class":"com.example.cars.CarsApplication","message":"No active profile set, falling back to default profiles: default "}
{"@timestamp":"2020-10-31T22:08:38.536+01:00","@version":"1","severity":"INFO","service":"Car-Application","pid":"28442","thread":"main","class":"com.example.cars.CarsApplication","message":"Started CarsApplication in 5.731 seconds (JVM running for 9.407) "}
{"@timestamp":"2020-10-31T22:14:59.737+01:00","@version":"1","severity":"INFO","service":"Car-Application","pid":"28582","thread":"main","class":"com.example.cars.CarsApplication","message":"Starting CarsApplication on Chengs-MacBook-Air.local with PID 28582 (/Users/chengtao/Documents/WebServices/cars_assignment/target/classes started by chengtao in /Users/chengtao/Documents/WebServices/cars_assignment) "}
{"@timestamp":"2020-10-31T22:14:59.749+01:00","@version":"1","severity":"INFO","service":"Car-Application","pid":"28582","thread":"main","class":"com.example.cars.CarsApplication","message":"No active profile set, falling back to default profiles: default "}
{"@timestamp":"2020-10-31T22:15:05.186+01:00","@version":"1","severity":"INFO","service":"Car-Application","pid":"28582","thread":"main","class":"com.example.cars.CarsApplication","message":"Started CarsApplication in 6.526 seconds (JVM running for 10.196) "}
{"@timestamp":"2020-10-31T22:15:30.111+01:00","@version":"1","severity":"INFO","service":"Car-Application","pid":"28582","thread":"http-nio-8080-exec-2","class":"com.example.cars.services.EngineService","message":"Request to find all engines "}
{"@timestamp":"2020-10-31T22:15:44.034+01:00","@version":"1","severity":"INFO","service":"Car-Application","pid":"28582","thread":"http-nio-8080-exec-3","class":"com.example.cars.services.EngineService","message":"Request to find all engines "}
{"@timestamp":"2020-10-31T22:16:04.629+01:00","@version":"1","severity":"INFO","service":"Car-Application","pid":"28582","thread":"http-nio-8080-exec-5","class":"com.example.cars.services.EngineService","message":"Request to find all engines "}
{"@timestamp":"2020-10-31T22:16:50.098+01:00","@version":"1","severity":"INFO","service":"Car-Application","pid":"28582","thread":"http-nio-8080-exec-6","class":"com.example.cars.services.GearBoxService","message":"Request to find all gearboxes "}
{"@timestamp":"2020-10-31T22:16:59.381+01:00","@version":"1","severity":"INFO","service":"Car-Application","pid":"28582","thread":"http-nio-8080-exec-7","class":"com.example.cars.services.EngineService","message":"Request to find all engines "}
{"@timestamp":"2020-10-31T22:20:54.455+01:00","@version":"1","severity":"INFO","service":"Car-Application","pid":"28582","thread":"http-nio-8080-exec-4","class":"com.example.cars.services.EngineService","message":"Request to find all engines "}
{"@timestamp":"2020-10-31T22:22:16.194+01:00","@version":"1","severity":"INFO","service":"Car-Application","pid":"28582","thread":"http-nio-8080-exec-8","class":"com.example.cars.services.EngineService","message":"Request to find all engines "}
{"@timestamp":"2020-10-31T22:24:37.961+01:00","@version":"1","severity":"INFO","service":"Car-Application","pid":"28612","thread":"main","class":"com.example.cars.CarsApplication","message":"Starting CarsApplication on Chengs-MacBook-Air.local with PID 28612 (/Users/chengtao/Documents/WebServices/cars_assignment/target/classes started by chengtao in /Users/chengtao/Documents/WebServices/cars_assignment) "}
{"@timestamp":"2020-10-31T22:24:38.013+01:00","@version":"1","severity":"INFO","service":"Car-Application","pid":"28612","thread":"main","class":"com.example.cars.CarsApplication","message":"No active profile set, falling back to default profiles: default "}
{"@timestamp":"2020-10-31T22:24:45.094+01:00","@version":"1","severity":"INFO","service":"Car-Application","pid":"28612","thread":"main","class":"com.example.cars.CarsApplication","message":"Started CarsApplication in 7.887 seconds (JVM running for 10.134) "}
{"@timestamp":"2020-10-31T22:24:50.318+01:00","@version":"1","severity":"INFO","service":"Car-Application","pid":"28612","thread":"http-nio-8080-exec-1","class":"com.example.cars.services.EngineService","message":"Request to find all engines "}
{"@timestamp":"2020-10-31T22:26:59.055+01:00","@version":"1","severity":"INFO","service":"Car-Application","pid":"28623","thread":"main","class":"com.example.cars.CarsApplication","message":"Starting CarsApplication on Chengs-MacBook-Air.local with PID 28623 (/Users/chengtao/Documents/WebServices/cars_assignment/target/classes started by chengtao in /Users/chengtao/Documents/WebServices/cars_assignment) "}
{"@timestamp":"2020-10-31T22:26:59.080+01:00","@version":"1","severity":"INFO","service":"Car-Application","pid":"28623","thread":"main","class":"com.example.cars.CarsApplication","message":"No active profile set, falling back to default profiles: default "}
{"@timestamp":"2020-10-31T22:27:05.094+01:00","@version":"1","severity":"INFO","service":"Car-Application","pid":"28623","thread":"main","class":"com.example.cars.CarsApplication","message":"Started CarsApplication in 6.823 seconds (JVM running for 9.932) "}
{"@timestamp":"2020-10-31T22:27:18.449+01:00","@version":"1","severity":"INFO","service":"Car-Application","pid":"28623","thread":"http-nio-8080-exec-2","class":"com.example.cars.services.EngineService","message":"Request to find all engines "}
{"@timestamp":"2020-10-31T22:29:24.867+01:00","@version":"1","severity":"INFO","service":"Car-Application","pid":"28690","thread":"main","class":"com.example.cars.CarsApplication","message":"Starting CarsApplication on Chengs-MacBook-Air.local with PID 28690 (/Users/chengtao/Documents/WebServices/cars_assignment/target/classes started by chengtao in /Users/chengtao/Documents/WebServices/cars_assignment) "}
{"@timestamp":"2020-10-31T22:29:24.908+01:00","@version":"1","severity":"INFO","service":"Car-Application","pid":"28690","thread":"main","class":"com.example.cars.CarsApplication","message":"No active profile set, falling back to default profiles: default "}
{"@timestamp":"2020-10-31T22:29:31.446+01:00","@version":"1","severity":"INFO","service":"Car-Application","pid":"28690","thread":"main","class":"com.example.cars.CarsApplication","message":"Started CarsApplication in 7.914 seconds (JVM running for 10.994) "}
{"@timestamp":"2020-10-31T22:29:39.259+01:00","@version":"1","severity":"INFO","service":"Car-Application","pid":"28690","thread":"http-nio-8080-exec-1","class":"com.example.cars.services.EngineService","message":"Request to find all engines "}
{"@timestamp":"2020-10-31T22:29:52.980+01:00","@version":"1","severity":"INFO","service":"Car-Application","pid":"28690","thread":"http-nio-8080-exec-3","class":"com.example.cars.services.EngineService","message":"Request to find all engines "}
{"@timestamp":"2020-10-31T22:30:32.168+01:00","@version":"1","severity":"INFO","service":"Car-Application","pid":"28690","thread":"http-nio-8080-exec-4","class":"com.example.cars.services.EngineService","message":"Request to find all engines "}
{"@timestamp":"2020-10-31T22:30:56.078+01:00","@version":"1","severity":"INFO","service":"Car-Application","pid":"28690","thread":"http-nio-8080-exec-5","class":"com.example.cars.services.EngineService","message":"Request to find all engines "}
{"@timestamp":"2020-10-31T22:31:09.897+01:00","@version":"1","severity":"INFO","service":"Car-Application","pid":"28690","thread":"http-nio-8080-exec-6","class":"com.example.cars.services.EngineService","message":"Request to find all engines "}
{"@timestamp":"2020-10-31T22:31:29.179+01:00","@version":"1","severity":"INFO","service":"Car-Application","pid":"28690","thread":"http-nio-8080-exec-7","class":"com.example.cars.services.EngineService","message":"Request to find all engines "}
{"@timestamp":"2020-10-31T22:31:38.730+01:00","@version":"1","severity":"INFO","service":"Car-Application","pid":"28690","thread":"http-nio-8080-exec-9","class":"com.example.cars.services.EngineService","message":"Request to find all engines "}
{"@timestamp":"2020-10-31T22:31:47.790+01:00","@version":"1","severity":"INFO","service":"Car-Application","pid":"28690","thread":"http-nio-8080-exec-8","class":"com.example.cars.services.EngineService","message":"Request to find all engines "}
{"@timestamp":"2020-10-31T22:32:11.103+01:00","@version":"1","severity":"INFO","service":"Car-Application","pid":"28690","thread":"http-nio-8080-exec-10","class":"com.example.cars.services.EngineService","message":"Request to find all engines "}
{"@timestamp":"2020-10-31T22:32:30.952+01:00","@version":"1","severity":"INFO","service":"Car-Application","pid":"28690","thread":"http-nio-8080-exec-2","class":"com.example.cars.services.EngineService","message":"Request to find all engines "}
{"@timestamp":"2020-10-31T22:32:40.236+01:00","@version":"1","severity":"INFO","service":"Car-Application","pid":"28690","thread":"http-nio-8080-exec-1","class":"com.example.cars.services.EngineService","message":"Request to find all engines "}
{"@timestamp":"2020-10-31T22:32:51.005+01:00","@version":"1","severity":"INFO","service":"Car-Application","pid":"28690","thread":"http-nio-8080-exec-3","class":"com.example.cars.services.EngineService","message":"Request to find all engines "}
{"@timestamp":"2020-10-31T23:05:52.621+01:00","@version":"1","severity":"INFO","service":"Car-Application","pid":"29034","thread":"main","class":"com.example.cars.CarsApplication","message":"Starting CarsApplication on Chengs-MacBook-Air.local with PID 29034 (/Users/chengtao/Documents/WebServices/cars_assignment/target/classes started by chengtao in /Users/chengtao/Documents/WebServices/cars_assignment) "}
{"@timestamp":"2020-10-31T23:05:52.654+01:00","@version":"1","severity":"INFO","service":"Car-Application","pid":"29034","thread":"main","class":"com.example.cars.CarsApplication","message":"No active profile set, falling back to default profiles: default "}
{"@timestamp":"2020-10-31T23:05:59.276+01:00","@version":"1","severity":"INFO","service":"Car-Application","pid":"29034","thread":"main","class":"com.example.cars.CarsApplication","message":"Started CarsApplication in 7.985 seconds (JVM running for 11.883) "}
{"@timestamp":"2020-10-31T23:06:08.825+01:00","@version":"1","severity":"INFO","service":"Car-Application","pid":"29034","thread":"http-nio-8080-exec-2","class":"com.example.cars.services.CarService","message":"Request to find all cars "}
{"@timestamp":"2020-10-31T23:06:36.174+01:00","@version":"1","severity":"INFO","service":"Car-Application","pid":"29034","thread":"http-nio-8080-exec-3","class":"com.example.cars.services.CarService","message":"Request to find all cars "}
{"@timestamp":"2020-10-31T23:06:52.132+01:00","@version":"1","severity":"INFO","service":"Car-Application","pid":"29034","thread":"http-nio-8080-exec-4","class":"com.example.cars.services.CarService","message":"Request to find all cars "}
{"@timestamp":"2020-10-31T23:07:01.146+01:00","@version":"1","severity":"INFO","service":"Car-Application","pid":"29034","thread":"http-nio-8080-exec-5","class":"com.example.cars.services.CarService","message":"Request to find all cars "}
{"@timestamp":"2020-10-31T23:07:07.693+01:00","@version":"1","severity":"INFO","service":"Car-Application","pid":"29034","thread":"http-nio-8080-exec-6","class":"com.example.cars.services.CarService","message":"Request to find all cars "}
{"@timestamp":"2020-10-31T23:07:16.529+01:00","@version":"1","severity":"INFO","service":"Car-Application","pid":"29034","thread":"http-nio-8080-exec-7","class":"com.example.cars.services.CarService","message":"Request to find all cars "}
{"@timestamp":"2020-10-31T23:07:36.015+01:00","@version":"1","severity":"INFO","service":"Car-Application","pid":"29034","thread":"http-nio-8080-exec-8","class":"com.example.cars.services.CarService","message":"Request to find all cars "}
{"@timestamp":"2020-10-31T23:07:55.032+01:00","@version":"1","severity":"INFO","service":"Car-Application","pid":"29034","thread":"http-nio-8080-exec-9","class":"com.example.cars.services.CarService","message":"Request to find all cars "}
{"@timestamp":"2020-10-31T23:13:20.959+01:00","@version":"1","severity":"INFO","service":"Car-Application","pid":"29159","thread":"main","class":"com.example.cars.CarsApplication","message":"Starting CarsApplication on Chengs-MacBook-Air.local with PID 29159 (/Users/chengtao/Documents/WebServices/cars_assignment/target/classes started by chengtao in /Users/chengtao/Documents/WebServices/cars_assignment) "}
{"@timestamp":"2020-10-31T23:13:20.974+01:00","@version":"1","severity":"INFO","service":"Car-Application","pid":"29159","thread":"main","class":"com.example.cars.CarsApplication","message":"No active profile set, falling back to default profiles: default "}
{"@timestamp":"2020-10-31T23:13:27.926+01:00","@version":"1","severity":"INFO","service":"Car-Application","pid":"29159","thread":"main","class":"com.example.cars.CarsApplication","message":"Started CarsApplication in 7.865 seconds (JVM running for 11.838) "}
{"@timestamp":"2020-10-31T23:13:31.782+01:00","@version":"1","severity":"INFO","service":"Car-Application","pid":"29159","thread":"http-nio-8080-exec-2","class":"com.example.cars.services.CarService","message":"Request to find all cars "}
{"@timestamp":"2020-10-31T23:13:49.709+01:00","@version":"1","severity":"INFO","service":"Car-Application","pid":"29159","thread":"http-nio-8080-exec-3","class":"com.example.cars.services.CarService","message":"Request to find all cars "}
{"@timestamp":"2020-10-31T23:13:58.410+01:00","@version":"1","severity":"INFO","service":"Car-Application","pid":"29159","thread":"http-nio-8080-exec-4","class":"com.example.cars.services.CarService","message":"Request to find all cars "}
{"@timestamp":"2020-10-31T23:14:11.742+01:00","@version":"1","severity":"INFO","service":"Car-Application","pid":"29159","thread":"http-nio-8080-exec-5","class":"com.example.cars.services.CarService","message":"Request to find all cars "}
{"@timestamp":"2020-11-01T16:18:50.509+01:00","@version":"1","severity":"INFO","service":"Car-Application","pid":"23480","thread":"main","class":"com.example.cars.CarsApplication","message":"Starting CarsApplication on LAPTOP-TDNFADTJ with PID 23480 (C:\\Users\\petsu\\Desktop\\Java web-services\\cars_assignment\\target\\classes started by petsu in C:\\Users\\petsu\\Desktop\\Java web-services\\cars_assignment) "}
{"@timestamp":"2020-11-01T16:18:50.515+01:00","@version":"1","severity":"INFO","service":"Car-Application","pid":"23480","thread":"main","class":"com.example.cars.CarsApplication","message":"No active profile set, falling back to default profiles: default "}
{"@timestamp":"2020-11-01T16:18:52.789+01:00","@version":"1","severity":"INFO","service":"Car-Application","pid":"23480","thread":"main","class":"com.example.cars.CarsApplication","message":"Started CarsApplication in 2.652 seconds (JVM running for 4.509) "}
